<?xml version="1.0" encoding="UTF-8"?><test-run-result duration-ms="44904" failed="2" failed-duration-ms="10929" finished-at="16-Jan-2018 03:48:04 PM" passed="4" passed-duration-ms="3051" skipped="0" skipped-duration-ms="0" started-at="16-Jan-2018 03:47:19 PM" status="FAIL" total="6"><suite Browser="chrome" duration-ms="44904" failed="2" failed-duration-ms="10929" finished-at="16-Jan-2018 03:48:04 PM" name="Demo Google Test" passed="4" passed-duration-ms="3051" reportName="Demo Google Rally Test- Test Report" skipped="0" skipped-duration-ms="0" started-at="16-Jan-2018 03:47:19 PM" status="FAIL" testDescription="" total="6" verbosity="-1-2-4-8-16-32-64-"><test duration-ms="28091" failed="1" failed-duration-ms="9670" finished-at="16-Jan-2018 03:47:47 PM" name="Demo Google - Test" passed="2" passed-duration-ms="1690" requirementID="" skipped="0" skipped-duration-ms="0" started-at="16-Jan-2018 03:47:19 PM" status="FAIL" testObjective="" total="3"><test-method UserStoryNumber="US257571" class="RallyGoogleTest" duration-ms="58" expected="Google Home page should be displayed" finished-at="03:47:19 PM" name="TestGoogleHomePage_1" screenshot="C:\GE Work\iTOps Core\iTOps_Demo_Test/target\Demo_Google_-_Test_TestGoogleHomePage_1_1516097839975.gif" sequence="1" started-at="03:47:19 PM" status="PASS" step="Verify Google Home Page is displayed"/><test-method UserStoryNumber="US257571" class="RallyGoogleTest" duration-ms="9670" expected="Terms page should be displayed" failureMessage="Terms Page is not displayed" finished-at="03:47:34 PM" name="TestGoogleTerms_1" screenshot="C:\GE Work\iTOps Core\iTOps_Demo_Test/target\Demo_Google_-_Test_TestGoogleTerms_1_1516097854779.gif" sequence="2" started-at="03:47:24 PM" status="FAIL" step="Verify Terms Link clickable"><exception class="java.lang.AssertionError"><message>expected [true] but found [false]</message><full-stacktrace>org.testng.Assert.fail(Assert.java:94)
org.testng.Assert.failNotEquals(Assert.java:513)
org.testng.Assert.assertTrue(Assert.java:42)
org.testng.Assert.assertTrue(Assert.java:52)
com.ge.corporate.testing.test.RallyGoogleTest.TestGoogleTerms_1(RallyGoogleTest.java:34)
sun.reflect.NativeMethodAccessorImpl.invoke0(Native Method)
sun.reflect.NativeMethodAccessorImpl.invoke(Unknown Source)
sun.reflect.DelegatingMethodAccessorImpl.invoke(Unknown Source)
java.lang.reflect.Method.invoke(Unknown Source)
org.testng.internal.MethodInvocationHelper.invokeMethod(MethodInvocationHelper.java:86)
</full-stacktrace></exception></test-method><test-method UserStoryNumber="US257571" class="RallyGoogleTest" duration-ms="1632" expected="Google Home Page should be displayed" finished-at="03:47:45 PM" name="LaunchGoogleHome" screenshot="C:\GE Work\iTOps Core\iTOps_Demo_Test/target\Demo_Google_-_Test_LaunchGoogleHome_1516097865827.gif" sequence="3" started-at="03:47:44 PM" status="PASS" step="Verify Home "><parameters><parameter index="1"><value>h​t​t​p​s​:​/​/​w​w​w​.​g​o​o​g​l​e​.​c​o​m​</value></parameter></parameters></test-method></test><history historystatus="N/A" runtimedate="N/A"/><test duration-ms="16813" failed="1" failed-duration-ms="1259" finished-at="16-Jan-2018 03:48:04 PM" name="Demo Google 2- Test" passed="2" passed-duration-ms="1361" requirementID="" skipped="0" skipped-duration-ms="0" started-at="16-Jan-2018 03:47:48 PM" status="FAIL" testObjective="" total="3"><test-method UserStoryNumber="US257571" class="RallyGoogleTest" duration-ms="74" expected="Google Home page should be displayed" finished-at="03:47:48 PM" name="TestGoogleHomePage_1" screenshot="C:\GE Work\iTOps Core\iTOps_Demo_Test/target\Demo_Google_2-_Test_TestGoogleHomePage_1_1516097868112.gif" sequence="1" started-at="03:47:48 PM" status="PASS" step="Verify Google Home Page is displayed"/><test-method UserStoryNumber="US257571" class="RallyGoogleTest" duration-ms="1259" expected="Terms page should be displayed" failureMessage="Terms Page is not displayed" finished-at="03:47:53 PM" name="TestGoogleTerms_1" screenshot="C:\GE Work\iTOps Core\iTOps_Demo_Test/target\Demo_Google_2-_Test_TestGoogleTerms_1_1516097873355.gif" sequence="2" started-at="03:47:51 PM" status="FAIL" step="Verify Terms Link clickable"><exception class="java.lang.AssertionError"><message>expected [true] but found [false]</message><full-stacktrace>org.testng.Assert.fail(Assert.java:94)
org.testng.Assert.failNotEquals(Assert.java:513)
org.testng.Assert.assertTrue(Assert.java:42)
org.testng.Assert.assertTrue(Assert.java:52)
com.ge.corporate.testing.test.RallyGoogleTest.TestGoogleTerms_1(RallyGoogleTest.java:34)
sun.reflect.NativeMethodAccessorImpl.invoke0(Native Method)
sun.reflect.NativeMethodAccessorImpl.invoke(Unknown Source)
sun.reflect.DelegatingMethodAccessorImpl.invoke(Unknown Source)
java.lang.reflect.Method.invoke(Unknown Source)
org.testng.internal.MethodInvocationHelper.invokeMethod(MethodInvocationHelper.java:86)
</full-stacktrace></exception></test-method><test-method UserStoryNumber="US257571" class="RallyGoogleTest" duration-ms="1287" expected="Google Home Page should be displayed" finished-at="03:48:02 PM" name="LaunchGoogleHome" screenshot="C:\GE Work\iTOps Core\iTOps_Demo_Test/target\Demo_Google_2-_Test_LaunchGoogleHome_1516097882685.gif" sequence="3" started-at="03:48:01 PM" status="PASS" step="Verify Home "><parameters><parameter index="1"><value>h​t​t​p​s​:​/​/​w​w​w​.​g​o​o​g​l​e​.​c​o​m​</value></parameter></parameters></test-method></test><history historystatus="N/A" runtimedate="N/A"/><rally><rally defectid="" projectworkspacename="IProDIGE | DevSpark" sequence="1" status="PASS" testname_userstory="TestGoogleHomePage_1_US257571"/><rally defectid="DE78285" projectworkspacename="IProDIGE | DevSpark" sequence="2" status="FAIL" testname_userstory="TestGoogleTerms_1_US257571"/><rally defectid="" projectworkspacename="" sequence="" status="" testname_userstory="-------------------------------"/><rally defectid="" projectworkspacename="IProDIGE | DevSpark" sequence="1" status="PASS" testname_userstory="TestGoogleHomePage_1_US257571"/><rally defectid="DE78285" projectworkspacename="IProDIGE | DevSpark" sequence="2" status="FAIL" testname_userstory="TestGoogleTerms_1_US257571"/><rally defectid="" projectworkspacename="" sequence="" status="" testname_userstory="-------------------------------"/></rally></suite></test-run-result>